<?xml version="1.0" encoding="UTF-8"?>
<testsuite name="csc22100.cellularautomata.TestAutomaton" tests="5" skipped="0" failures="0" errors="0" timestamp="2022-02-23T23:22:12" hostname="DESKTOP-CJ229JD" time="0.08">
  <properties/>
  <testcase name="Test1()" classname="csc22100.cellularautomata.TestAutomaton" time="0.021"/>
  <testcase name="Test2()" classname="csc22100.cellularautomata.TestAutomaton" time="0.051"/>
  <testcase name="Test3()" classname="csc22100.cellularautomata.TestAutomaton" time="0.004"/>
  <testcase name="Test4()" classname="csc22100.cellularautomata.TestAutomaton" time="0.003"/>
  <testcase name="Test5()" classname="csc22100.cellularautomata.TestAutomaton" time="0.0"/>
  <system-out><![CDATA[]]></system-out>
  <system-err><![CDATA[]]></system-err>
</testsuite>
